<?xml version="1.0" encoding="UTF-8"?>
<testsuite xmlns:xsi="http://www.w3.org/2001/XMLSchema-instance" xsi:noNamespaceSchemaLocation="https://maven.apache.org/surefire/maven-surefire-plugin/xsd/surefire-test-report.xsd" name="com.backend.api.tests.repositories.ProductRepositoryTest" time="10.212" tests="2" errors="0" skipped="0" failures="0">
  <properties>
    <property name="sun.desktop" value="windows"/>
    <property name="awt.toolkit" value="sun.awt.windows.WToolkit"/>
    <property name="file.encoding.pkg" value="sun.io"/>
    <property name="java.specification.version" value="1.8"/>
    <property name="sun.cpu.isalist" value="amd64"/>
    <property name="sun.jnu.encoding" value="Cp1252"/>
    <property name="java.class.path" value="E:\Proyectos Github\Backend\ProyectManagmentApplicationBackend\target\test-classes;E:\Proyectos Github\Backend\ProyectManagmentApplicationBackend\target\classes;C:\Users\MrRobot\.m2\repository\org\springframework\boot\spring-boot-starter-webflux\2.4.4\spring-boot-starter-webflux-2.4.4.jar;C:\Users\MrRobot\.m2\repository\org\springframework\boot\spring-boot-starter\2.4.4\spring-boot-starter-2.4.4.jar;C:\Users\MrRobot\.m2\repository\org\springframework\boot\spring-boot-starter-logging\2.4.4\spring-boot-starter-logging-2.4.4.jar;C:\Users\MrRobot\.m2\repository\ch\qos\logback\logback-classic\1.2.3\logback-classic-1.2.3.jar;C:\Users\MrRobot\.m2\repository\ch\qos\logback\logback-core\1.2.3\logback-core-1.2.3.jar;C:\Users\MrRobot\.m2\repository\org\apache\logging\log4j\log4j-to-slf4j\2.13.3\log4j-to-slf4j-2.13.3.jar;C:\Users\MrRobot\.m2\repository\org\apache\logging\log4j\log4j-api\2.13.3\log4j-api-2.13.3.jar;C:\Users\MrRobot\.m2\repository\org\slf4j\jul-to-slf4j\1.7.30\jul-to-slf4j-1.7.30.jar;C:\Users\MrRobot\.m2\repository\jakarta\annotation\jakarta.annotation-api\1.3.5\jakarta.annotation-api-1.3.5.jar;C:\Users\MrRobot\.m2\repository\org\yaml\snakeyaml\1.27\snakeyaml-1.27.jar;C:\Users\MrRobot\.m2\repository\org\springframework\boot\spring-boot-starter-json\2.4.4\spring-boot-starter-json-2.4.4.jar;C:\Users\MrRobot\.m2\repository\org\springframework\boot\spring-boot-starter-reactor-netty\2.4.4\spring-boot-starter-reactor-netty-2.4.4.jar;C:\Users\MrRobot\.m2\repository\io\projectreactor\netty\reactor-netty-http\1.0.5\reactor-netty-http-1.0.5.jar;C:\Users\MrRobot\.m2\repository\io\netty\netty-codec-http\4.1.60.Final\netty-codec-http-4.1.60.Final.jar;C:\Users\MrRobot\.m2\repository\io\netty\netty-common\4.1.60.Final\netty-common-4.1.60.Final.jar;C:\Users\MrRobot\.m2\repository\io\netty\netty-buffer\4.1.60.Final\netty-buffer-4.1.60.Final.jar;C:\Users\MrRobot\.m2\repository\io\netty\netty-transport\4.1.60.Final\netty-transport-4.1.60.Final.jar;C:\Users\MrRobot\.m2\repository\io\netty\netty-codec\4.1.60.Final\netty-codec-4.1.60.Final.jar;C:\Users\MrRobot\.m2\repository\io\netty\netty-handler\4.1.60.Final\netty-handler-4.1.60.Final.jar;C:\Users\MrRobot\.m2\repository\io\netty\netty-codec-http2\4.1.60.Final\netty-codec-http2-4.1.60.Final.jar;C:\Users\MrRobot\.m2\repository\io\netty\netty-resolver-dns\4.1.60.Final\netty-resolver-dns-4.1.60.Final.jar;C:\Users\MrRobot\.m2\repository\io\netty\netty-resolver\4.1.60.Final\netty-resolver-4.1.60.Final.jar;C:\Users\MrRobot\.m2\repository\io\netty\netty-codec-dns\4.1.60.Final\netty-codec-dns-4.1.60.Final.jar;C:\Users\MrRobot\.m2\repository\io\netty\netty-resolver-dns-native-macos\4.1.60.Final\netty-resolver-dns-native-macos-4.1.60.Final-osx-x86_64.jar;C:\Users\MrRobot\.m2\repository\io\netty\netty-transport-native-unix-common\4.1.60.Final\netty-transport-native-unix-common-4.1.60.Final.jar;C:\Users\MrRobot\.m2\repository\io\netty\netty-transport-native-epoll\4.1.60.Final\netty-transport-native-epoll-4.1.60.Final-linux-x86_64.jar;C:\Users\MrRobot\.m2\repository\io\projectreactor\netty\reactor-netty-core\1.0.5\reactor-netty-core-1.0.5.jar;C:\Users\MrRobot\.m2\repository\io\netty\netty-handler-proxy\4.1.60.Final\netty-handler-proxy-4.1.60.Final.jar;C:\Users\MrRobot\.m2\repository\io\netty\netty-codec-socks\4.1.60.Final\netty-codec-socks-4.1.60.Final.jar;C:\Users\MrRobot\.m2\repository\org\springframework\spring-web\5.3.5\spring-web-5.3.5.jar;C:\Users\MrRobot\.m2\repository\org\springframework\spring-beans\5.3.5\spring-beans-5.3.5.jar;C:\Users\MrRobot\.m2\repository\org\springframework\spring-webflux\5.3.5\spring-webflux-5.3.5.jar;C:\Users\MrRobot\.m2\repository\io\projectreactor\reactor-core\3.4.4\reactor-core-3.4.4.jar;C:\Users\MrRobot\.m2\repository\org\reactivestreams\reactive-streams\1.0.3\reactive-streams-1.0.3.jar;C:\Users\MrRobot\.m2\repository\org\springframework\boot\spring-boot-starter-data-jpa\2.4.4\spring-boot-starter-data-jpa-2.4.4.jar;C:\Users\MrRobot\.m2\repository\org\springframework\boot\spring-boot-starter-aop\2.4.4\spring-boot-starter-aop-2.4.4.jar;C:\Users\MrRobot\.m2\repository\org\springframework\spring-aop\5.3.5\spring-aop-5.3.5.jar;C:\Users\MrRobot\.m2\repository\org\aspectj\aspectjweaver\1.9.6\aspectjweaver-1.9.6.jar;C:\Users\MrRobot\.m2\repository\org\springframework\boot\spring-boot-starter-jdbc\2.4.4\spring-boot-starter-jdbc-2.4.4.jar;C:\Users\MrRobot\.m2\repository\com\zaxxer\HikariCP\3.4.5\HikariCP-3.4.5.jar;C:\Users\MrRobot\.m2\repository\org\springframework\spring-jdbc\5.3.5\spring-jdbc-5.3.5.jar;C:\Users\MrRobot\.m2\repository\jakarta\transaction\jakarta.transaction-api\1.3.3\jakarta.transaction-api-1.3.3.jar;C:\Users\MrRobot\.m2\repository\jakarta\persistence\jakarta.persistence-api\2.2.3\jakarta.persistence-api-2.2.3.jar;C:\Users\MrRobot\.m2\repository\org\hibernate\hibernate-core\5.4.29.Final\hibernate-core-5.4.29.Final.jar;C:\Users\MrRobot\.m2\repository\org\jboss\logging\jboss-logging\3.4.1.Final\jboss-logging-3.4.1.Final.jar;C:\Users\MrRobot\.m2\repository\org\javassist\javassist\3.27.0-GA\javassist-3.27.0-GA.jar;C:\Users\MrRobot\.m2\repository\net\bytebuddy\byte-buddy\1.10.22\byte-buddy-1.10.22.jar;C:\Users\MrRobot\.m2\repository\antlr\antlr\2.7.7\antlr-2.7.7.jar;C:\Users\MrRobot\.m2\repository\org\jboss\jandex\2.2.3.Final\jandex-2.2.3.Final.jar;C:\Users\MrRobot\.m2\repository\org\dom4j\dom4j\2.1.3\dom4j-2.1.3.jar;C:\Users\MrRobot\.m2\repository\org\hibernate\common\hibernate-commons-annotations\5.1.2.Final\hibernate-commons-annotations-5.1.2.Final.jar;C:\Users\MrRobot\.m2\repository\org\glassfish\jaxb\jaxb-runtime\2.3.3\jaxb-runtime-2.3.3.jar;C:\Users\MrRobot\.m2\repository\org\glassfish\jaxb\txw2\2.3.3\txw2-2.3.3.jar;C:\Users\MrRobot\.m2\repository\com\sun\istack\istack-commons-runtime\3.0.11\istack-commons-runtime-3.0.11.jar;C:\Users\MrRobot\.m2\repository\com\sun\activation\jakarta.activation\1.2.2\jakarta.activation-1.2.2.jar;C:\Users\MrRobot\.m2\repository\org\springframework\data\spring-data-jpa\2.4.6\spring-data-jpa-2.4.6.jar;C:\Users\MrRobot\.m2\repository\org\springframework\data\spring-data-commons\2.4.6\spring-data-commons-2.4.6.jar;C:\Users\MrRobot\.m2\repository\org\springframework\spring-orm\5.3.5\spring-orm-5.3.5.jar;C:\Users\MrRobot\.m2\repository\org\springframework\spring-context\5.3.5\spring-context-5.3.5.jar;C:\Users\MrRobot\.m2\repository\org\springframework\spring-tx\5.3.5\spring-tx-5.3.5.jar;C:\Users\MrRobot\.m2\repository\org\springframework\spring-aspects\5.3.5\spring-aspects-5.3.5.jar;C:\Users\MrRobot\.m2\repository\org\springframework\boot\spring-boot-starter-web\2.4.4\spring-boot-starter-web-2.4.4.jar;C:\Users\MrRobot\.m2\repository\org\springframework\boot\spring-boot-starter-tomcat\2.4.4\spring-boot-starter-tomcat-2.4.4.jar;C:\Users\MrRobot\.m2\repository\org\apache\tomcat\embed\tomcat-embed-core\9.0.44\tomcat-embed-core-9.0.44.jar;C:\Users\MrRobot\.m2\repository\org\apache\tomcat\embed\tomcat-embed-websocket\9.0.44\tomcat-embed-websocket-9.0.44.jar;C:\Users\MrRobot\.m2\repository\org\springframework\spring-webmvc\5.3.5\spring-webmvc-5.3.5.jar;C:\Users\MrRobot\.m2\repository\org\springframework\spring-expression\5.3.5\spring-expression-5.3.5.jar;C:\Users\MrRobot\.m2\repository\com\h2database\h2\1.4.200\h2-1.4.200.jar;C:\Users\MrRobot\.m2\repository\org\springframework\boot\spring-boot-starter-validation\2.4.4\spring-boot-starter-validation-2.4.4.jar;C:\Users\MrRobot\.m2\repository\org\glassfish\jakarta.el\3.0.3\jakarta.el-3.0.3.jar;C:\Users\MrRobot\.m2\repository\org\hibernate\validator\hibernate-validator\6.1.7.Final\hibernate-validator-6.1.7.Final.jar;C:\Users\MrRobot\.m2\repository\jakarta\validation\jakarta.validation-api\2.0.2\jakarta.validation-api-2.0.2.jar;C:\Users\MrRobot\.m2\repository\org\springframework\boot\spring-boot-starter-test\2.4.4\spring-boot-starter-test-2.4.4.jar;C:\Users\MrRobot\.m2\repository\org\springframework\boot\spring-boot-test\2.4.4\spring-boot-test-2.4.4.jar;C:\Users\MrRobot\.m2\repository\org\springframework\boot\spring-boot-test-autoconfigure\2.4.4\spring-boot-test-autoconfigure-2.4.4.jar;C:\Users\MrRobot\.m2\repository\com\jayway\jsonpath\json-path\2.4.0\json-path-2.4.0.jar;C:\Users\MrRobot\.m2\repository\net\minidev\json-smart\2.3\json-smart-2.3.jar;C:\Users\MrRobot\.m2\repository\net\minidev\accessors-smart\1.2\accessors-smart-1.2.jar;C:\Users\MrRobot\.m2\repository\org\ow2\asm\asm\5.0.4\asm-5.0.4.jar;C:\Users\MrRobot\.m2\repository\jakarta\xml\bind\jakarta.xml.bind-api\2.3.3\jakarta.xml.bind-api-2.3.3.jar;C:\Users\MrRobot\.m2\repository\jakarta\activation\jakarta.activation-api\1.2.2\jakarta.activation-api-1.2.2.jar;C:\Users\MrRobot\.m2\repository\org\assertj\assertj-core\3.18.1\assertj-core-3.18.1.jar;C:\Users\MrRobot\.m2\repository\org\hamcrest\hamcrest\2.2\hamcrest-2.2.jar;C:\Users\MrRobot\.m2\repository\org\junit\jupiter\junit-jupiter\5.7.1\junit-jupiter-5.7.1.jar;C:\Users\MrRobot\.m2\repository\org\junit\jupiter\junit-jupiter-api\5.7.1\junit-jupiter-api-5.7.1.jar;C:\Users\MrRobot\.m2\repository\org\apiguardian\apiguardian-api\1.1.0\apiguardian-api-1.1.0.jar;C:\Users\MrRobot\.m2\repository\org\opentest4j\opentest4j\1.2.0\opentest4j-1.2.0.jar;C:\Users\MrRobot\.m2\repository\org\junit\platform\junit-platform-commons\1.7.1\junit-platform-commons-1.7.1.jar;C:\Users\MrRobot\.m2\repository\org\junit\jupiter\junit-jupiter-params\5.7.1\junit-jupiter-params-5.7.1.jar;C:\Users\MrRobot\.m2\repository\org\junit\jupiter\junit-jupiter-engine\5.7.1\junit-jupiter-engine-5.7.1.jar;C:\Users\MrRobot\.m2\repository\org\junit\platform\junit-platform-engine\1.7.1\junit-platform-engine-1.7.1.jar;C:\Users\MrRobot\.m2\repository\org\mockito\mockito-core\3.6.28\mockito-core-3.6.28.jar;C:\Users\MrRobot\.m2\repository\net\bytebuddy\byte-buddy-agent\1.10.22\byte-buddy-agent-1.10.22.jar;C:\Users\MrRobot\.m2\repository\org\objenesis\objenesis\3.1\objenesis-3.1.jar;C:\Users\MrRobot\.m2\repository\org\mockito\mockito-junit-jupiter\3.6.28\mockito-junit-jupiter-3.6.28.jar;C:\Users\MrRobot\.m2\repository\org\skyscreamer\jsonassert\1.5.0\jsonassert-1.5.0.jar;C:\Users\MrRobot\.m2\repository\com\vaadin\external\google\android-json\0.0.20131108.vaadin1\android-json-0.0.20131108.vaadin1.jar;C:\Users\MrRobot\.m2\repository\org\springframework\spring-core\5.3.5\spring-core-5.3.5.jar;C:\Users\MrRobot\.m2\repository\org\springframework\spring-jcl\5.3.5\spring-jcl-5.3.5.jar;C:\Users\MrRobot\.m2\repository\org\springframework\spring-test\5.3.5\spring-test-5.3.5.jar;C:\Users\MrRobot\.m2\repository\org\xmlunit\xmlunit-core\2.7.0\xmlunit-core-2.7.0.jar;C:\Users\MrRobot\.m2\repository\org\springframework\boot\spring-boot-devtools\2.4.4\spring-boot-devtools-2.4.4.jar;C:\Users\MrRobot\.m2\repository\org\springframework\boot\spring-boot\2.4.4\spring-boot-2.4.4.jar;C:\Users\MrRobot\.m2\repository\org\springframework\boot\spring-boot-autoconfigure\2.4.4\spring-boot-autoconfigure-2.4.4.jar;C:\Users\MrRobot\.m2\repository\mysql\mysql-connector-java\8.0.23\mysql-connector-java-8.0.23.jar;C:\Users\MrRobot\.m2\repository\com\itextpdf\itextpdf\5.0.6\itextpdf-5.0.6.jar;C:\Users\MrRobot\.m2\repository\org\bouncycastle\bcmail-jdk14\1.38\bcmail-jdk14-1.38.jar;C:\Users\MrRobot\.m2\repository\org\bouncycastle\bcprov-jdk14\1.38\bcprov-jdk14-1.38.jar;C:\Users\MrRobot\.m2\repository\org\bouncycastle\bctsp-jdk14\1.38\bctsp-jdk14-1.38.jar;C:\Users\MrRobot\.m2\repository\io\springfox\springfox-boot-starter\3.0.0\springfox-boot-starter-3.0.0.jar;C:\Users\MrRobot\.m2\repository\io\springfox\springfox-oas\3.0.0\springfox-oas-3.0.0.jar;C:\Users\MrRobot\.m2\repository\io\swagger\core\v3\swagger-annotations\2.1.2\swagger-annotations-2.1.2.jar;C:\Users\MrRobot\.m2\repository\io\swagger\core\v3\swagger-models\2.1.2\swagger-models-2.1.2.jar;C:\Users\MrRobot\.m2\repository\io\springfox\springfox-spi\3.0.0\springfox-spi-3.0.0.jar;C:\Users\MrRobot\.m2\repository\io\springfox\springfox-schema\3.0.0\springfox-schema-3.0.0.jar;C:\Users\MrRobot\.m2\repository\io\springfox\springfox-core\3.0.0\springfox-core-3.0.0.jar;C:\Users\MrRobot\.m2\repository\io\springfox\springfox-spring-web\3.0.0\springfox-spring-web-3.0.0.jar;C:\Users\MrRobot\.m2\repository\io\github\classgraph\classgraph\4.8.83\classgraph-4.8.83.jar;C:\Users\MrRobot\.m2\repository\io\springfox\springfox-spring-webmvc\3.0.0\springfox-spring-webmvc-3.0.0.jar;C:\Users\MrRobot\.m2\repository\io\springfox\springfox-spring-webflux\3.0.0\springfox-spring-webflux-3.0.0.jar;C:\Users\MrRobot\.m2\repository\io\springfox\springfox-swagger-common\3.0.0\springfox-swagger-common-3.0.0.jar;C:\Users\MrRobot\.m2\repository\org\mapstruct\mapstruct\1.3.1.Final\mapstruct-1.3.1.Final.jar;C:\Users\MrRobot\.m2\repository\io\springfox\springfox-data-rest\3.0.0\springfox-data-rest-3.0.0.jar;C:\Users\MrRobot\.m2\repository\io\springfox\springfox-bean-validators\3.0.0\springfox-bean-validators-3.0.0.jar;C:\Users\MrRobot\.m2\repository\io\springfox\springfox-swagger2\3.0.0\springfox-swagger2-3.0.0.jar;C:\Users\MrRobot\.m2\repository\io\swagger\swagger-annotations\1.5.20\swagger-annotations-1.5.20.jar;C:\Users\MrRobot\.m2\repository\io\swagger\swagger-models\1.5.20\swagger-models-1.5.20.jar;C:\Users\MrRobot\.m2\repository\io\springfox\springfox-swagger-ui\3.0.0\springfox-swagger-ui-3.0.0.jar;C:\Users\MrRobot\.m2\repository\com\fasterxml\classmate\1.5.1\classmate-1.5.1.jar;C:\Users\MrRobot\.m2\repository\org\slf4j\slf4j-api\1.7.30\slf4j-api-1.7.30.jar;C:\Users\MrRobot\.m2\repository\org\springframework\plugin\spring-plugin-core\2.0.0.RELEASE\spring-plugin-core-2.0.0.RELEASE.jar;C:\Users\MrRobot\.m2\repository\org\springframework\plugin\spring-plugin-metadata\2.0.0.RELEASE\spring-plugin-metadata-2.0.0.RELEASE.jar;C:\Users\MrRobot\.m2\repository\com\fasterxml\jackson\module\jackson-module-parameter-names\2.11.4\jackson-module-parameter-names-2.11.4.jar;C:\Users\MrRobot\.m2\repository\com\fasterxml\jackson\core\jackson-core\2.11.4\jackson-core-2.11.4.jar;C:\Users\MrRobot\.m2\repository\com\fasterxml\jackson\core\jackson-databind\2.11.4\jackson-databind-2.11.4.jar;C:\Users\MrRobot\.m2\repository\com\fasterxml\jackson\datatype\jackson-datatype-jsr310\2.11.4\jackson-datatype-jsr310-2.11.4.jar;C:\Users\MrRobot\.m2\repository\com\fasterxml\jackson\core\jackson-annotations\2.11.4\jackson-annotations-2.11.4.jar;C:\Users\MrRobot\.m2\repository\com\fasterxml\jackson\datatype\jackson-datatype-jdk8\2.11.4\jackson-datatype-jdk8-2.11.4.jar;"/>
    <property name="java.vm.vendor" value="Oracle Corporation"/>
    <property name="sun.arch.data.model" value="64"/>
    <property name="user.variant" value=""/>
    <property name="java.vendor.url" value="http://java.oracle.com/"/>
    <property name="user.timezone" value="America/Regina"/>
    <property name="java.vm.specification.version" value="1.8"/>
    <property name="os.name" value="Windows 10"/>
    <property name="user.country" value="CO"/>
    <property name="sun.java.launcher" value="SUN_STANDARD"/>
    <property name="sun.boot.library.path" value="C:\Program Files\Java\jdk1.8.0_291\jre\bin"/>
    <property name="sun.java.command" value="C:\Users\MrRobot\AppData\Local\Temp\surefire5891317007035316385\surefirebooter7065054146687060040.jar C:\Users\MrRobot\AppData\Local\Temp\surefire5891317007035316385 2021-08-01T10-32-11_498-jvmRun1 surefire5056460730298201479tmp surefire_0760119730447425617tmp"/>
    <property name="surefire.test.class.path" value="E:\Proyectos Github\Backend\ProyectManagmentApplicationBackend\target\test-classes;E:\Proyectos Github\Backend\ProyectManagmentApplicationBackend\target\classes;C:\Users\MrRobot\.m2\repository\org\springframework\boot\spring-boot-starter-webflux\2.4.4\spring-boot-starter-webflux-2.4.4.jar;C:\Users\MrRobot\.m2\repository\org\springframework\boot\spring-boot-starter\2.4.4\spring-boot-starter-2.4.4.jar;C:\Users\MrRobot\.m2\repository\org\springframework\boot\spring-boot-starter-logging\2.4.4\spring-boot-starter-logging-2.4.4.jar;C:\Users\MrRobot\.m2\repository\ch\qos\logback\logback-classic\1.2.3\logback-classic-1.2.3.jar;C:\Users\MrRobot\.m2\repository\ch\qos\logback\logback-core\1.2.3\logback-core-1.2.3.jar;C:\Users\MrRobot\.m2\repository\org\apache\logging\log4j\log4j-to-slf4j\2.13.3\log4j-to-slf4j-2.13.3.jar;C:\Users\MrRobot\.m2\repository\org\apache\logging\log4j\log4j-api\2.13.3\log4j-api-2.13.3.jar;C:\Users\MrRobot\.m2\repository\org\slf4j\jul-to-slf4j\1.7.30\jul-to-slf4j-1.7.30.jar;C:\Users\MrRobot\.m2\repository\jakarta\annotation\jakarta.annotation-api\1.3.5\jakarta.annotation-api-1.3.5.jar;C:\Users\MrRobot\.m2\repository\org\yaml\snakeyaml\1.27\snakeyaml-1.27.jar;C:\Users\MrRobot\.m2\repository\org\springframework\boot\spring-boot-starter-json\2.4.4\spring-boot-starter-json-2.4.4.jar;C:\Users\MrRobot\.m2\repository\org\springframework\boot\spring-boot-starter-reactor-netty\2.4.4\spring-boot-starter-reactor-netty-2.4.4.jar;C:\Users\MrRobot\.m2\repository\io\projectreactor\netty\reactor-netty-http\1.0.5\reactor-netty-http-1.0.5.jar;C:\Users\MrRobot\.m2\repository\io\netty\netty-codec-http\4.1.60.Final\netty-codec-http-4.1.60.Final.jar;C:\Users\MrRobot\.m2\repository\io\netty\netty-common\4.1.60.Final\netty-common-4.1.60.Final.jar;C:\Users\MrRobot\.m2\repository\io\netty\netty-buffer\4.1.60.Final\netty-buffer-4.1.60.Final.jar;C:\Users\MrRobot\.m2\repository\io\netty\netty-transport\4.1.60.Final\netty-transport-4.1.60.Final.jar;C:\Users\MrRobot\.m2\repository\io\netty\netty-codec\4.1.60.Final\netty-codec-4.1.60.Final.jar;C:\Users\MrRobot\.m2\repository\io\netty\netty-handler\4.1.60.Final\netty-handler-4.1.60.Final.jar;C:\Users\MrRobot\.m2\repository\io\netty\netty-codec-http2\4.1.60.Final\netty-codec-http2-4.1.60.Final.jar;C:\Users\MrRobot\.m2\repository\io\netty\netty-resolver-dns\4.1.60.Final\netty-resolver-dns-4.1.60.Final.jar;C:\Users\MrRobot\.m2\repository\io\netty\netty-resolver\4.1.60.Final\netty-resolver-4.1.60.Final.jar;C:\Users\MrRobot\.m2\repository\io\netty\netty-codec-dns\4.1.60.Final\netty-codec-dns-4.1.60.Final.jar;C:\Users\MrRobot\.m2\repository\io\netty\netty-resolver-dns-native-macos\4.1.60.Final\netty-resolver-dns-native-macos-4.1.60.Final-osx-x86_64.jar;C:\Users\MrRobot\.m2\repository\io\netty\netty-transport-native-unix-common\4.1.60.Final\netty-transport-native-unix-common-4.1.60.Final.jar;C:\Users\MrRobot\.m2\repository\io\netty\netty-transport-native-epoll\4.1.60.Final\netty-transport-native-epoll-4.1.60.Final-linux-x86_64.jar;C:\Users\MrRobot\.m2\repository\io\projectreactor\netty\reactor-netty-core\1.0.5\reactor-netty-core-1.0.5.jar;C:\Users\MrRobot\.m2\repository\io\netty\netty-handler-proxy\4.1.60.Final\netty-handler-proxy-4.1.60.Final.jar;C:\Users\MrRobot\.m2\repository\io\netty\netty-codec-socks\4.1.60.Final\netty-codec-socks-4.1.60.Final.jar;C:\Users\MrRobot\.m2\repository\org\springframework\spring-web\5.3.5\spring-web-5.3.5.jar;C:\Users\MrRobot\.m2\repository\org\springframework\spring-beans\5.3.5\spring-beans-5.3.5.jar;C:\Users\MrRobot\.m2\repository\org\springframework\spring-webflux\5.3.5\spring-webflux-5.3.5.jar;C:\Users\MrRobot\.m2\repository\io\projectreactor\reactor-core\3.4.4\reactor-core-3.4.4.jar;C:\Users\MrRobot\.m2\repository\org\reactivestreams\reactive-streams\1.0.3\reactive-streams-1.0.3.jar;C:\Users\MrRobot\.m2\repository\org\springframework\boot\spring-boot-starter-data-jpa\2.4.4\spring-boot-starter-data-jpa-2.4.4.jar;C:\Users\MrRobot\.m2\repository\org\springframework\boot\spring-boot-starter-aop\2.4.4\spring-boot-starter-aop-2.4.4.jar;C:\Users\MrRobot\.m2\repository\org\springframework\spring-aop\5.3.5\spring-aop-5.3.5.jar;C:\Users\MrRobot\.m2\repository\org\aspectj\aspectjweaver\1.9.6\aspectjweaver-1.9.6.jar;C:\Users\MrRobot\.m2\repository\org\springframework\boot\spring-boot-starter-jdbc\2.4.4\spring-boot-starter-jdbc-2.4.4.jar;C:\Users\MrRobot\.m2\repository\com\zaxxer\HikariCP\3.4.5\HikariCP-3.4.5.jar;C:\Users\MrRobot\.m2\repository\org\springframework\spring-jdbc\5.3.5\spring-jdbc-5.3.5.jar;C:\Users\MrRobot\.m2\repository\jakarta\transaction\jakarta.transaction-api\1.3.3\jakarta.transaction-api-1.3.3.jar;C:\Users\MrRobot\.m2\repository\jakarta\persistence\jakarta.persistence-api\2.2.3\jakarta.persistence-api-2.2.3.jar;C:\Users\MrRobot\.m2\repository\org\hibernate\hibernate-core\5.4.29.Final\hibernate-core-5.4.29.Final.jar;C:\Users\MrRobot\.m2\repository\org\jboss\logging\jboss-logging\3.4.1.Final\jboss-logging-3.4.1.Final.jar;C:\Users\MrRobot\.m2\repository\org\javassist\javassist\3.27.0-GA\javassist-3.27.0-GA.jar;C:\Users\MrRobot\.m2\repository\net\bytebuddy\byte-buddy\1.10.22\byte-buddy-1.10.22.jar;C:\Users\MrRobot\.m2\repository\antlr\antlr\2.7.7\antlr-2.7.7.jar;C:\Users\MrRobot\.m2\repository\org\jboss\jandex\2.2.3.Final\jandex-2.2.3.Final.jar;C:\Users\MrRobot\.m2\repository\org\dom4j\dom4j\2.1.3\dom4j-2.1.3.jar;C:\Users\MrRobot\.m2\repository\org\hibernate\common\hibernate-commons-annotations\5.1.2.Final\hibernate-commons-annotations-5.1.2.Final.jar;C:\Users\MrRobot\.m2\repository\org\glassfish\jaxb\jaxb-runtime\2.3.3\jaxb-runtime-2.3.3.jar;C:\Users\MrRobot\.m2\repository\org\glassfish\jaxb\txw2\2.3.3\txw2-2.3.3.jar;C:\Users\MrRobot\.m2\repository\com\sun\istack\istack-commons-runtime\3.0.11\istack-commons-runtime-3.0.11.jar;C:\Users\MrRobot\.m2\repository\com\sun\activation\jakarta.activation\1.2.2\jakarta.activation-1.2.2.jar;C:\Users\MrRobot\.m2\repository\org\springframework\data\spring-data-jpa\2.4.6\spring-data-jpa-2.4.6.jar;C:\Users\MrRobot\.m2\repository\org\springframework\data\spring-data-commons\2.4.6\spring-data-commons-2.4.6.jar;C:\Users\MrRobot\.m2\repository\org\springframework\spring-orm\5.3.5\spring-orm-5.3.5.jar;C:\Users\MrRobot\.m2\repository\org\springframework\spring-context\5.3.5\spring-context-5.3.5.jar;C:\Users\MrRobot\.m2\repository\org\springframework\spring-tx\5.3.5\spring-tx-5.3.5.jar;C:\Users\MrRobot\.m2\repository\org\springframework\spring-aspects\5.3.5\spring-aspects-5.3.5.jar;C:\Users\MrRobot\.m2\repository\org\springframework\boot\spring-boot-starter-web\2.4.4\spring-boot-starter-web-2.4.4.jar;C:\Users\MrRobot\.m2\repository\org\springframework\boot\spring-boot-starter-tomcat\2.4.4\spring-boot-starter-tomcat-2.4.4.jar;C:\Users\MrRobot\.m2\repository\org\apache\tomcat\embed\tomcat-embed-core\9.0.44\tomcat-embed-core-9.0.44.jar;C:\Users\MrRobot\.m2\repository\org\apache\tomcat\embed\tomcat-embed-websocket\9.0.44\tomcat-embed-websocket-9.0.44.jar;C:\Users\MrRobot\.m2\repository\org\springframework\spring-webmvc\5.3.5\spring-webmvc-5.3.5.jar;C:\Users\MrRobot\.m2\repository\org\springframework\spring-expression\5.3.5\spring-expression-5.3.5.jar;C:\Users\MrRobot\.m2\repository\com\h2database\h2\1.4.200\h2-1.4.200.jar;C:\Users\MrRobot\.m2\repository\org\springframework\boot\spring-boot-starter-validation\2.4.4\spring-boot-starter-validation-2.4.4.jar;C:\Users\MrRobot\.m2\repository\org\glassfish\jakarta.el\3.0.3\jakarta.el-3.0.3.jar;C:\Users\MrRobot\.m2\repository\org\hibernate\validator\hibernate-validator\6.1.7.Final\hibernate-validator-6.1.7.Final.jar;C:\Users\MrRobot\.m2\repository\jakarta\validation\jakarta.validation-api\2.0.2\jakarta.validation-api-2.0.2.jar;C:\Users\MrRobot\.m2\repository\org\springframework\boot\spring-boot-starter-test\2.4.4\spring-boot-starter-test-2.4.4.jar;C:\Users\MrRobot\.m2\repository\org\springframework\boot\spring-boot-test\2.4.4\spring-boot-test-2.4.4.jar;C:\Users\MrRobot\.m2\repository\org\springframework\boot\spring-boot-test-autoconfigure\2.4.4\spring-boot-test-autoconfigure-2.4.4.jar;C:\Users\MrRobot\.m2\repository\com\jayway\jsonpath\json-path\2.4.0\json-path-2.4.0.jar;C:\Users\MrRobot\.m2\repository\net\minidev\json-smart\2.3\json-smart-2.3.jar;C:\Users\MrRobot\.m2\repository\net\minidev\accessors-smart\1.2\accessors-smart-1.2.jar;C:\Users\MrRobot\.m2\repository\org\ow2\asm\asm\5.0.4\asm-5.0.4.jar;C:\Users\MrRobot\.m2\repository\jakarta\xml\bind\jakarta.xml.bind-api\2.3.3\jakarta.xml.bind-api-2.3.3.jar;C:\Users\MrRobot\.m2\repository\jakarta\activation\jakarta.activation-api\1.2.2\jakarta.activation-api-1.2.2.jar;C:\Users\MrRobot\.m2\repository\org\assertj\assertj-core\3.18.1\assertj-core-3.18.1.jar;C:\Users\MrRobot\.m2\repository\org\hamcrest\hamcrest\2.2\hamcrest-2.2.jar;C:\Users\MrRobot\.m2\repository\org\junit\jupiter\junit-jupiter\5.7.1\junit-jupiter-5.7.1.jar;C:\Users\MrRobot\.m2\repository\org\junit\jupiter\junit-jupiter-api\5.7.1\junit-jupiter-api-5.7.1.jar;C:\Users\MrRobot\.m2\repository\org\apiguardian\apiguardian-api\1.1.0\apiguardian-api-1.1.0.jar;C:\Users\MrRobot\.m2\repository\org\opentest4j\opentest4j\1.2.0\opentest4j-1.2.0.jar;C:\Users\MrRobot\.m2\repository\org\junit\platform\junit-platform-commons\1.7.1\junit-platform-commons-1.7.1.jar;C:\Users\MrRobot\.m2\repository\org\junit\jupiter\junit-jupiter-params\5.7.1\junit-jupiter-params-5.7.1.jar;C:\Users\MrRobot\.m2\repository\org\junit\jupiter\junit-jupiter-engine\5.7.1\junit-jupiter-engine-5.7.1.jar;C:\Users\MrRobot\.m2\repository\org\junit\platform\junit-platform-engine\1.7.1\junit-platform-engine-1.7.1.jar;C:\Users\MrRobot\.m2\repository\org\mockito\mockito-core\3.6.28\mockito-core-3.6.28.jar;C:\Users\MrRobot\.m2\repository\net\bytebuddy\byte-buddy-agent\1.10.22\byte-buddy-agent-1.10.22.jar;C:\Users\MrRobot\.m2\repository\org\objenesis\objenesis\3.1\objenesis-3.1.jar;C:\Users\MrRobot\.m2\repository\org\mockito\mockito-junit-jupiter\3.6.28\mockito-junit-jupiter-3.6.28.jar;C:\Users\MrRobot\.m2\repository\org\skyscreamer\jsonassert\1.5.0\jsonassert-1.5.0.jar;C:\Users\MrRobot\.m2\repository\com\vaadin\external\google\android-json\0.0.20131108.vaadin1\android-json-0.0.20131108.vaadin1.jar;C:\Users\MrRobot\.m2\repository\org\springframework\spring-core\5.3.5\spring-core-5.3.5.jar;C:\Users\MrRobot\.m2\repository\org\springframework\spring-jcl\5.3.5\spring-jcl-5.3.5.jar;C:\Users\MrRobot\.m2\repository\org\springframework\spring-test\5.3.5\spring-test-5.3.5.jar;C:\Users\MrRobot\.m2\repository\org\xmlunit\xmlunit-core\2.7.0\xmlunit-core-2.7.0.jar;C:\Users\MrRobot\.m2\repository\org\springframework\boot\spring-boot-devtools\2.4.4\spring-boot-devtools-2.4.4.jar;C:\Users\MrRobot\.m2\repository\org\springframework\boot\spring-boot\2.4.4\spring-boot-2.4.4.jar;C:\Users\MrRobot\.m2\repository\org\springframework\boot\spring-boot-autoconfigure\2.4.4\spring-boot-autoconfigure-2.4.4.jar;C:\Users\MrRobot\.m2\repository\mysql\mysql-connector-java\8.0.23\mysql-connector-java-8.0.23.jar;C:\Users\MrRobot\.m2\repository\com\itextpdf\itextpdf\5.0.6\itextpdf-5.0.6.jar;C:\Users\MrRobot\.m2\repository\org\bouncycastle\bcmail-jdk14\1.38\bcmail-jdk14-1.38.jar;C:\Users\MrRobot\.m2\repository\org\bouncycastle\bcprov-jdk14\1.38\bcprov-jdk14-1.38.jar;C:\Users\MrRobot\.m2\repository\org\bouncycastle\bctsp-jdk14\1.38\bctsp-jdk14-1.38.jar;C:\Users\MrRobot\.m2\repository\io\springfox\springfox-boot-starter\3.0.0\springfox-boot-starter-3.0.0.jar;C:\Users\MrRobot\.m2\repository\io\springfox\springfox-oas\3.0.0\springfox-oas-3.0.0.jar;C:\Users\MrRobot\.m2\repository\io\swagger\core\v3\swagger-annotations\2.1.2\swagger-annotations-2.1.2.jar;C:\Users\MrRobot\.m2\repository\io\swagger\core\v3\swagger-models\2.1.2\swagger-models-2.1.2.jar;C:\Users\MrRobot\.m2\repository\io\springfox\springfox-spi\3.0.0\springfox-spi-3.0.0.jar;C:\Users\MrRobot\.m2\repository\io\springfox\springfox-schema\3.0.0\springfox-schema-3.0.0.jar;C:\Users\MrRobot\.m2\repository\io\springfox\springfox-core\3.0.0\springfox-core-3.0.0.jar;C:\Users\MrRobot\.m2\repository\io\springfox\springfox-spring-web\3.0.0\springfox-spring-web-3.0.0.jar;C:\Users\MrRobot\.m2\repository\io\github\classgraph\classgraph\4.8.83\classgraph-4.8.83.jar;C:\Users\MrRobot\.m2\repository\io\springfox\springfox-spring-webmvc\3.0.0\springfox-spring-webmvc-3.0.0.jar;C:\Users\MrRobot\.m2\repository\io\springfox\springfox-spring-webflux\3.0.0\springfox-spring-webflux-3.0.0.jar;C:\Users\MrRobot\.m2\repository\io\springfox\springfox-swagger-common\3.0.0\springfox-swagger-common-3.0.0.jar;C:\Users\MrRobot\.m2\repository\org\mapstruct\mapstruct\1.3.1.Final\mapstruct-1.3.1.Final.jar;C:\Users\MrRobot\.m2\repository\io\springfox\springfox-data-rest\3.0.0\springfox-data-rest-3.0.0.jar;C:\Users\MrRobot\.m2\repository\io\springfox\springfox-bean-validators\3.0.0\springfox-bean-validators-3.0.0.jar;C:\Users\MrRobot\.m2\repository\io\springfox\springfox-swagger2\3.0.0\springfox-swagger2-3.0.0.jar;C:\Users\MrRobot\.m2\repository\io\swagger\swagger-annotations\1.5.20\swagger-annotations-1.5.20.jar;C:\Users\MrRobot\.m2\repository\io\swagger\swagger-models\1.5.20\swagger-models-1.5.20.jar;C:\Users\MrRobot\.m2\repository\io\springfox\springfox-swagger-ui\3.0.0\springfox-swagger-ui-3.0.0.jar;C:\Users\MrRobot\.m2\repository\com\fasterxml\classmate\1.5.1\classmate-1.5.1.jar;C:\Users\MrRobot\.m2\repository\org\slf4j\slf4j-api\1.7.30\slf4j-api-1.7.30.jar;C:\Users\MrRobot\.m2\repository\org\springframework\plugin\spring-plugin-core\2.0.0.RELEASE\spring-plugin-core-2.0.0.RELEASE.jar;C:\Users\MrRobot\.m2\repository\org\springframework\plugin\spring-plugin-metadata\2.0.0.RELEASE\spring-plugin-metadata-2.0.0.RELEASE.jar;C:\Users\MrRobot\.m2\repository\com\fasterxml\jackson\module\jackson-module-parameter-names\2.11.4\jackson-module-parameter-names-2.11.4.jar;C:\Users\MrRobot\.m2\repository\com\fasterxml\jackson\core\jackson-core\2.11.4\jackson-core-2.11.4.jar;C:\Users\MrRobot\.m2\repository\com\fasterxml\jackson\core\jackson-databind\2.11.4\jackson-databind-2.11.4.jar;C:\Users\MrRobot\.m2\repository\com\fasterxml\jackson\datatype\jackson-datatype-jsr310\2.11.4\jackson-datatype-jsr310-2.11.4.jar;C:\Users\MrRobot\.m2\repository\com\fasterxml\jackson\core\jackson-annotations\2.11.4\jackson-annotations-2.11.4.jar;C:\Users\MrRobot\.m2\repository\com\fasterxml\jackson\datatype\jackson-datatype-jdk8\2.11.4\jackson-datatype-jdk8-2.11.4.jar;"/>
    <property name="sun.cpu.endian" value="little"/>
    <property name="user.home" value="C:\Users\MrRobot"/>
    <property name="user.language" value="es"/>
    <property name="java.specification.vendor" value="Oracle Corporation"/>
    <property name="java.home" value="C:\Program Files\Java\jdk1.8.0_291\jre"/>
    <property name="basedir" value="E:\Proyectos Github\Backend\ProyectManagmentApplicationBackend"/>
    <property name="file.separator" value="\"/>
    <property name="line.separator" value="&#10;"/>
    <property name="java.vm.specification.vendor" value="Oracle Corporation"/>
    <property name="java.specification.name" value="Java Platform API Specification"/>
    <property name="java.awt.graphicsenv" value="sun.awt.Win32GraphicsEnvironment"/>
    <property name="surefire.real.class.path" value="C:\Users\MrRobot\AppData\Local\Temp\surefire5891317007035316385\surefirebooter7065054146687060040.jar"/>
    <property name="sun.boot.class.path" value="C:\Program Files\Java\jdk1.8.0_291\jre\lib\resources.jar;C:\Program Files\Java\jdk1.8.0_291\jre\lib\rt.jar;C:\Program Files\Java\jdk1.8.0_291\jre\lib\sunrsasign.jar;C:\Program Files\Java\jdk1.8.0_291\jre\lib\jsse.jar;C:\Program Files\Java\jdk1.8.0_291\jre\lib\jce.jar;C:\Program Files\Java\jdk1.8.0_291\jre\lib\charsets.jar;C:\Program Files\Java\jdk1.8.0_291\jre\lib\jfr.jar;C:\Program Files\Java\jdk1.8.0_291\jre\classes"/>
    <property name="user.script" value=""/>
    <property name="sun.management.compiler" value="HotSpot 64-Bit Tiered Compilers"/>
    <property name="java.runtime.version" value="1.8.0_291-b10"/>
    <property name="user.name" value="MrRobot"/>
    <property name="path.separator" value=";"/>
    <property name="os.version" value="10.0"/>
    <property name="java.endorsed.dirs" value="C:\Program Files\Java\jdk1.8.0_291\jre\lib\endorsed"/>
    <property name="java.runtime.name" value="Java(TM) SE Runtime Environment"/>
    <property name="file.encoding" value="Cp1252"/>
    <property name="java.vm.name" value="Java HotSpot(TM) 64-Bit Server VM"/>
    <property name="localRepository" value="C:\Users\MrRobot\.m2\repository"/>
    <property name="java.vendor.url.bug" value="http://bugreport.sun.com/bugreport/"/>
    <property name="java.io.tmpdir" value="C:\Users\MrRobot\AppData\Local\Temp\"/>
    <property name="java.version" value="1.8.0_291"/>
    <property name="user.dir" value="E:\Proyectos Github\Backend\ProyectManagmentApplicationBackend"/>
    <property name="os.arch" value="amd64"/>
    <property name="java.vm.specification.name" value="Java Virtual Machine Specification"/>
    <property name="java.awt.printerjob" value="sun.awt.windows.WPrinterJob"/>
    <property name="sun.os.patch.level" value=""/>
    <property name="java.library.path" value="C:\Program Files\Java\jdk1.8.0_291\jre\bin;C:\Windows\Sun\Java\bin;C:\Windows\system32;C:\Windows;C:\Users\MrRobot\bin;C:\Program Files\Git\mingw64\bin;C:\Program Files\Git\usr\local\bin;C:\Program Files\Git\usr\bin;C:\Program Files\Git\usr\bin;C:\Program Files\Git\mingw64\bin;C:\Program Files\Git\usr\bin;C:\Users\MrRobot\bin;C:\Program Files (x86)\Common Files\Oracle\Java\javapath;C:\Program Files (x86)\Intel\iCLS Client;C:\Program Files\Intel\iCLS Client;C:\Windows\system32;C:\Windows;C:\Windows\System32\Wbem;C:\Windows\System32\WindowsPowerShell\v1.0;C:\Windows\System32\OpenSSH;C:\Program Files (x86)\Intel\Intel(R) Management Engine Components\DAL;C:\Program Files\Intel\Intel(R) Management Engine Components\DAL;C:\Program Files (x86)\Intel\Intel(R) Management Engine Components\IPT;C:\Program Files\Intel\Intel(R) Management Engine Components\IPT;C:\Program Files (x86)\NVIDIA Corporation\PhysX\Common;C:\Program Files (x86)\nodejs;C:\Program Files\Intel\WiFi\bin;C:\Program Files\Common Files\Intel\WirelessCommon;C:\apache-maven-3.8.1\bin;C:\Program Files\Java\jdk1.8.0_291\bin;C:\Program Files\Git\cmd;C:\Program Files\Docker\Docker\resources\bin;C:\ProgramData\DockerDesktop\version-bin;C:\Program Files\MySQL\MySQL Shell 8.0\bin;C:\Users\MrRobot\AppData\Local\Microsoft\WindowsApps;C:\Users\MrRobot\AppData\Roaming\npm;C:\Program Files\Intel\WiFi\bin;C:\Program Files\Common Files\Intel\WirelessCommon;C:\Users\MrRobot\AppData\Local\Programs\Microsoft VS Code\bin;C:\Program Files\JetBrains\IntelliJ IDEA Community Edition 2021.1.1\bin;C:\Program Files\Git\usr\bin\vendor_perl;C:\Program Files\Git\usr\bin\core_perl;."/>
    <property name="java.vm.info" value="mixed mode"/>
    <property name="java.vendor" value="Oracle Corporation"/>
    <property name="java.vm.version" value="25.291-b10"/>
    <property name="java.ext.dirs" value="C:\Program Files\Java\jdk1.8.0_291\jre\lib\ext;C:\Windows\Sun\Java\lib\ext"/>
    <property name="sun.io.unicode.encoding" value="UnicodeLittle"/>
    <property name="java.class.version" value="52.0"/>
  </properties>
  <testcase name="repository_test_save_a_product" classname="com.backend.api.tests.repositories.ProductRepositoryTest" time="0.404"/>
  <testcase name="repository_test_get_two_products_by_autoComplete" classname="com.backend.api.tests.repositories.ProductRepositoryTest" time="0.221"/>
</testsuite>